<?xml version="1.0" encoding="UTF-8"?>
<!-- Generated by org.testng.reporters.JUnitReportReporter -->
<testsuite skipped="1" hostname="alexs-MacBook-Pro.local" name="com.app.runners.CukesRunner" tests="1" failures="0" timestamp="27 Dec 2018 00:58:15 GMT" time="0.133" errors="0">
  <testcase name="runScenario" time="0.133" classname="com.app.runners.CukesRunner">
    <skipped/>
  </testcase> <!-- runScenario -->
</testsuite> <!-- com.app.runners.CukesRunner -->
